yarn run v1.22.19
$ build-storybook --output-dir /tmp/chromatic--28094-upKN3R005LAR
info @storybook/react v6.5.16
info 
info => Cleaning outputDir: /tmp/chromatic--28094-upKN3R005LAR
info => Loading presets
info => Compiling manager..
info => Compiling preview..
info Addon-docs: using MDX1
info => Using implicit CSS loaders
info => Using default Webpack5 setup
<s> [webpack.Progress] 0% 

<s> [webpack.Progress] 1% setup before run
<s> [webpack.Progress] 1% setup before run NodeEnvironmentPlugin
<s> [webpack.Progress] 1% setup before run
<s> [webpack.Progress] 2% setup run
<s> [webpack.Progress] 2% setup run
<s> [webpack.Progress] 4% setup normal module factory
<s> [webpack.Progress] 4% setup normal module factory CaseSensitivePathsPlugin
<s> [webpack.Progress] 4% setup normal module factory
<s> [webpack.Progress] 5% setup context module factory
<s> [webpack.Progress] 5% setup context module factory
<s> [webpack.Progress] 6% setup before compile
<s> [webpack.Progress] 6% setup before compile ProgressPlugin
<s> [webpack.Progress] 6% setup before compile
<s> [webpack.Progress] 7% setup compile
<s> [webpack.Progress] 7% setup compile ExternalsPlugin
<s> [webpack.Progress] 7% setup compile
<s> [webpack.Progress] 8% setup compilation
<s> [webpack.Progress] 8% setup compilation ArrayPushCallbackChunkFormatPlugin
<s> [webpack.Progress] 8% setup compilation JsonpChunkLoadingPlugin
<s> [webpack.Progress] 8% setup compilation StartupChunkDependenciesPlugin
<s> [webpack.Progress] 8% setup compilation ImportScriptsChunkLoadingPlugin
<s> [webpack.Progress] 8% setup compilation FetchCompileWasmPlugin
<s> [webpack.Progress] 8% setup compilation FetchCompileAsyncWasmPlugin
<s> [webpack.Progress] 8% setup compilation WorkerPlugin
<s> [webpack.Progress] 8% setup compilation SplitChunksPlugin
<s> [webpack.Progress] 8% setup compilation RuntimeChunkPlugin
<s> [webpack.Progress] 8% setup compilation ResolverCachePlugin
<s> [webpack.Progress] 8% setup compilation HtmlWebpackPlugin
<s> [webpack.Progress] 8% setup compilation
<s> [webpack.Progress] 9% setup compilation
<s> [webpack.Progress] 9% setup compilation DefinePlugin
<s> [webpack.Progress] 9% setup compilation ProvidePlugin
<s> [webpack.Progress] 9% setup compilation ProgressPlugin
<s> [webpack.Progress] 9% setup compilation DocGenPlugin
<s> [webpack.Progress] 9% setup compilation DefinePlugin
<s> [webpack.Progress] 9% setup compilation DefinePlugin
<s> [webpack.Progress] 9% setup compilation ChunkPrefetchPreloadPlugin
<s> [webpack.Progress] 9% setup compilation SourceMapDevToolPlugin
<s> [webpack.Progress] 9% setup compilation JavascriptModulesPlugin
<s> [webpack.Progress] 9% setup compilation JsonModulesPlugin
<s> [webpack.Progress] 9% setup compilation AssetModulesPlugin
<s> [webpack.Progress] 9% setup compilation EntryPlugin
<s> [webpack.Progress] 9% setup compilation EntryPlugin
<s> [webpack.Progress] 9% setup compilation EntryPlugin
<s> [webpack.Progress] 9% setup compilation EntryPlugin
<s> [webpack.Progress] 9% setup compilation EntryPlugin
<s> [webpack.Progress] 9% setup compilation EntryPlugin
<s> [webpack.Progress] 9% setup compilation EntryPlugin
<s> [webpack.Progress] 9% setup compilation EntryPlugin
<s> [webpack.Progress] 9% setup compilation EntryPlugin
<s> [webpack.Progress] 9% setup compilation EntryPlugin
<s> [webpack.Progress] 9% setup compilation EntryPlugin
<s> [webpack.Progress] 9% setup compilation EntryPlugin
<s> [webpack.Progress] 9% setup compilation EntryPlugin
<s> [webpack.Progress] 9% setup compilation RuntimePlugin
<s> [webpack.Progress] 9% setup compilation InferAsyncModulesPlugin
<s> [webpack.Progress] 9% setup compilation DataUriPlugin
<s> [webpack.Progress] 9% setup compilation FileUriPlugin
<s> [webpack.Progress] 9% setup compilation CompatibilityPlugin
<s> [webpack.Progress] 9% setup compilation HarmonyModulesPlugin
<s> [webpack.Progress] 9% setup compilation AMDPlugin
<s> [webpack.Progress] 9% setup compilation RequireJsStuffPlugin
<s> [webpack.Progress] 9% setup compilation CommonJsPlugin
<s> [webpack.Progress] 9% setup compilation LoaderPlugin
<s> [webpack.Progress] 9% setup compilation LoaderPlugin
<s> [webpack.Progress] 9% setup compilation NodeStuffPlugin
<s> [webpack.Progress] 9% setup compilation APIPlugin
<s> [webpack.Progress] 9% setup compilation ExportsInfoApiPlugin
<s> [webpack.Progress] 9% setup compilation WebpackIsIncludedPlugin
<s> [webpack.Progress] 9% setup compilation ConstPlugin
<s> [webpack.Progress] 9% setup compilation UseStrictPlugin
<s> [webpack.Progress] 9% setup compilation RequireIncludePlugin
<s> [webpack.Progress] 9% setup compilation RequireEnsurePlugin
<s> [webpack.Progress] 9% setup compilation RequireContextPlugin
<s> [webpack.Progress] 9% setup compilation ImportPlugin
<s> [webpack.Progress] 9% setup compilation ImportMetaContextPlugin
<s> [webpack.Progress] 9% setup compilation SystemPlugin
<s> [webpack.Progress] 9% setup compilation ImportMetaPlugin
<s> [webpack.Progress] 9% setup compilation URLPlugin
<s> [webpack.Progress] 9% setup compilation DefaultStatsFactoryPlugin
<s> [webpack.Progress] 9% setup compilation DefaultStatsPresetPlugin
<s> [webpack.Progress] 9% setup compilation DefaultStatsPrinterPlugin
<s> [webpack.Progress] 9% setup compilation JavascriptMetaInfoPlugin
<s> [webpack.Progress] 9% setup compilation EnsureChunkConditionsPlugin
<s> [webpack.Progress] 9% setup compilation RemoveEmptyChunksPlugin
<s> [webpack.Progress] 9% setup compilation MergeDuplicateChunksPlugin
<s> [webpack.Progress] 9% setup compilation FlagIncludedChunksPlugin
<s> [webpack.Progress] 9% setup compilation SideEffectsFlagPlugin
<s> [webpack.Progress] 9% setup compilation FlagDependencyExportsPlugin
<s> [webpack.Progress] 9% setup compilation FlagDependencyUsagePlugin
<s> [webpack.Progress] 9% setup compilation InnerGraphPlugin
<s> [webpack.Progress] 9% setup compilation MangleExportsPlugin
<s> [webpack.Progress] 9% setup compilation ModuleConcatenationPlugin
<s> [webpack.Progress] 9% setup compilation NoEmitOnErrorsPlugin
<s> [webpack.Progress] 9% setup compilation RealContentHashPlugin
<s> [webpack.Progress] 9% setup compilation WasmFinalizeExportsPlugin
<s> [webpack.Progress] 9% setup compilation NamedModuleIdsPlugin
<s> [webpack.Progress] 9% setup compilation DeterministicChunkIdsPlugin
<s> [webpack.Progress] 9% setup compilation DefinePlugin
<s> [webpack.Progress] 9% setup compilation TerserPlugin
<s> [webpack.Progress] 9% setup compilation TemplatedPathPlugin
<s> [webpack.Progress] 9% setup compilation RecordIdsPlugin
<s> [webpack.Progress] 9% setup compilation WarnCaseSensitiveModulesPlugin
<s> [webpack.Progress] 9% setup compilation IgnoreWarningsPlugin
<s> [webpack.Progress] 9% setup compilation
<s> [webpack.Progress] 10% building
<s> [webpack.Progress] 10% building 0/1 entries 0/0 dependencies 0/0 modules
<s> [webpack.Progress] 10% building 0/13 entries 10/18 dependencies 0/9 modules
<s> [webpack.Progress] 10% building import loader ./node_modules/babel-loader/lib/index.js
<s> [webpack.Progress] 10% building 0/13 entries 12/29 dependencies 0/11 modules
<s> [webpack.Progress] 10% building 0/13 entries 13/31 dependencies 1/11 modules
<s> [webpack.Progress] 14% building 1/13 entries 25/60 dependencies 2/22 modules
<s> [webpack.Progress] 14% building import loader ./node_modules/@storybook/source-loader/dist/cjs/index.js
<s> [webpack.Progress] 14% building 1/13 entries 27/66 dependencies 2/24 modules
<s> [webpack.Progress] 14% building 1/13 entries 28/66 dependencies 2/24 modules
<s> [webpack.Progress] 14% building 1/13 entries 87/200 dependencies 5/65 modules
<s> [webpack.Progress] 14% building 1/13 entries 233/300 dependencies 6/144 modules
<s> [webpack.Progress] 14% building 1/13 entries 300/637 dependencies 9/155 modules
<s> [webpack.Progress] 18% building 2/13 entries 480/643 dependencies 18/204 modules
<s> [webpack.Progress] 18% building 2/13 entries 652/873 dependencies 21/254 modules
<s> [webpack.Progress] 18% building 2/13 entries 865/975 dependencies 41/285 modules
<s> [webpack.Progress] 18% building 2/13 entries 944/975 dependencies 45/319 modules
<s> [webpack.Progress] 18% building 2/13 entries 1000/1197 dependencies 57/328 modules
<s> [webpack.Progress] 18% building 2/13 entries 1287/1400 dependencies 97/375 modules
<s> [webpack.Progress] 18% building 2/13 entries 1500/1656 dependencies 142/389 modules
<s> [webpack.Progress] 18% building 2/13 entries 1639/1700 dependencies 152/427 modules
<s> [webpack.Progress] 18% building 2/13 entries 1800/1975 dependencies 209/432 modules
<s> [webpack.Progress] 18% building 2/13 entries 1956/2100 dependencies 241/451 modules
<s> [webpack.Progress] 18% building 2/13 entries 2000/2157 dependencies 246/456 modules
<s> [webpack.Progress] 18% building 2/13 entries 2165/2210 dependencies 275/500 modules
<s> [webpack.Progress] 18% building 2/13 entries 2287/2400 dependencies 320/521 modules
<s> [webpack.Progress] 18% building 2/13 entries 2500/2547 dependencies 345/569 modules
<s> [webpack.Progress] 18% building 2/13 entries 2510/2600 dependencies 348/571 modules
<s> [webpack.Progress] 18% building 2/13 entries 2560/3000 dependencies 359/578 modules
<s> [webpack.Progress] 18% building 2/13 entries 3000/3112 dependencies 393/645 modules
<s> [webpack.Progress] 18% building 2/13 entries 3066/3200 dependencies 398/667 modules
<s> [webpack.Progress] 18% building 2/13 entries 3307/3400 dependencies 449/746 modules
<s> [webpack.Progress] 18% building 2/13 entries 3600/3655 dependencies 478/892 modules
<s> [webpack.Progress] 18% building 2/13 entries 3834/3900 dependencies 512/979 modules
<s> [webpack.Progress] 18% building 2/13 entries 4100/4217 dependencies 569/1037 modules
<s> [webpack.Progress] 18% building 2/13 entries 4475/4544 dependencies 600/1282 modules
<s> [webpack.Progress] 18% building 2/13 entries 4540/4600 dependencies 603/1330 modules
<s> [webpack.Progress] 18% building 2/13 entries 4600/4796 dependencies 616/1354 modules
<s> [webpack.Progress] 18% building 2/13 entries 4722/4800 dependencies 670/1387 modules
Though the "loose" option was set to "false" in your @babel/preset-env config, it will not be used for @babel/plugin-transform-private-methods since the "loose" mode option was set to "true" for @babel/plugin-transform-class-properties.
The "loose" option must be the same for @babel/plugin-transform-class-properties, @babel/plugin-transform-private-methods and @babel/plugin-transform-private-property-in-object (when they are enabled): you can silence this warning by explicitly adding
	["@babel/plugin-transform-private-methods", { "loose": true }]
to the "plugins" section of your Babel config.
Though the "loose" option was set to "false" in your @babel/preset-env config, it will not be used for @babel/plugin-transform-private-property-in-object since the "loose" mode option was set to "true" for @babel/plugin-transform-class-properties.
The "loose" option must be the same for @babel/plugin-transform-class-properties, @babel/plugin-transform-private-methods and @babel/plugin-transform-private-property-in-object (when they are enabled): you can silence this warning by explicitly adding
	["@babel/plugin-transform-private-property-in-object", { "loose": true }]
to the "plugins" section of your Babel config.
<s> [webpack.Progress] 18% building 2/13 entries 4782/4847 dependencies 698/1400 modules
<s> [webpack.Progress] 18% building 2/13 entries 4900/4958 dependencies 742/1455 modules
<s> [webpack.Progress] 18% building 2/13 entries 5000/5039 dependencies 782/1464 modules
<s> [webpack.Progress] 18% building 2/13 entries 5028/5073 dependencies 800/1464 modules
<s> [webpack.Progress] 19% building 2/13 entries 5100/5138 dependencies 839/1469 modules
<s> [webpack.Progress] 19% building 2/13 entries 5124/5200 dependencies 860/1470 modules
<s> [webpack.Progress] 20% building 2/13 entries 5300/5364 dependencies 916/1496 modules
<s> [webpack.Progress] 20% building 2/13 entries 5400/5462 dependencies 930/1513 modules
<s> [webpack.Progress] 20% building 2/13 entries 5500/5576 dependencies 966/1518 modules
<s> [webpack.Progress] 20% building 2/13 entries 5596/5700 dependencies 984/1531 modules
<s> [webpack.Progress] 21% building 2/13 entries 5700/5751 dependencies 1030/1546 modules
<s> [webpack.Progress] 21% building 2/13 entries 5715/5800 dependencies 1032/1562 modules
Though the "loose" option was set to "false" in your @babel/preset-env config, it will not be used for @babel/plugin-transform-private-methods since the "loose" mode option was set to "true" for @babel/plugin-transform-class-properties.
The "loose" option must be the same for @babel/plugin-transform-class-properties, @babel/plugin-transform-private-methods and @babel/plugin-transform-private-property-in-object (when they are enabled): you can silence this warning by explicitly adding
	["@babel/plugin-transform-private-methods", { "loose": true }]
to the "plugins" section of your Babel config.
Though the "loose" option was set to "false" in your @babel/preset-env config, it will not be used for @babel/plugin-transform-private-property-in-object since the "loose" mode option was set to "true" for @babel/plugin-transform-class-properties.
The "loose" option must be the same for @babel/plugin-transform-class-properties, @babel/plugin-transform-private-methods and @babel/plugin-transform-private-property-in-object (when they are enabled): you can silence this warning by explicitly adding
	["@babel/plugin-transform-private-property-in-object", { "loose": true }]
to the "plugins" section of your Babel config.
<s> [webpack.Progress] 21% building 2/13 entries 5800/5965 dependencies 1046/1562 modules
<s> [webpack.Progress] 21% building 2/13 entries 6000/6056 dependencies 1085/1585 modules
<s> [webpack.Progress] 22% building 2/13 entries 6045/6141 dependencies 1100/1591 modules
<s> [webpack.Progress] 22% building 2/13 entries 6100/6168 dependencies 1109/1608 modules
<s> [webpack.Progress] 22% building 2/13 entries 6142/6200 dependencies 1116/1626 modules
<s> [webpack.Progress] 22% building 2/13 entries 6200/6277 dependencies 1174/1646 modules
<s> [webpack.Progress] 23% building 2/13 entries 6291/6400 dependencies 1231/1673 modules
<s> [webpack.Progress] 24% building 2/13 entries 6422/6470 dependencies 1274/1700 modules
<s> [webpack.Progress] 25% building 2/13 entries 6500/6565 dependencies 1365/1709 modules
<s> [webpack.Progress] 25% building 2/13 entries 6520/6600 dependencies 1370/1713 modules
<s> [webpack.Progress] 25% building 2/13 entries 6600/6693 dependencies 1388/1738 modules
<s> [webpack.Progress] 25% building 2/13 entries 6647/6700 dependencies 1392/1756 modules
<s> [webpack.Progress] 25% building 2/13 entries 6667/6800 dependencies 1396/1761 modules
<s> [webpack.Progress] 25% building 2/13 entries 6668/6900 dependencies 1402/1761 modules
<s> [webpack.Progress] 25% building 2/13 entries 6700/6942 dependencies 1402/1773 modules
<s> [webpack.Progress] 25% building 2/13 entries 6919/7000 dependencies 1418/1831 modules
<s> [webpack.Progress] 25% building 2/13 entries 6953/7100 dependencies 1424/1832 modules
<s> [webpack.Progress] 25% building 2/13 entries 6981/7200 dependencies 1433/1833 modules
<s> [webpack.Progress] 25% building 2/13 entries 7100/7265 dependencies 1446/1853 modules
<s> [webpack.Progress] 26% building 2/13 entries 7208/7300 dependencies 1470/1875 modules
<s> [webpack.Progress] 26% building 2/13 entries 7244/7400 dependencies 1472/1879 modules
<s> [webpack.Progress] 26% building 2/13 entries 7427/7500 dependencies 1483/1892 modules
<s> [webpack.Progress] 26% building 2/13 entries 7523/7600 dependencies 1493/1931 modules
<s> [webpack.Progress] 26% building 2/13 entries 7600/7653 dependencies 1538/1934 modules
<s> [webpack.Progress] 27% building 2/13 entries 7673/7700 dependencies 1623/1947 modules
<s> [webpack.Progress] 28% building 2/13 entries 7745/7792 dependencies 1700/1948 modules
<s> [webpack.Progress] 29% building 3/13 entries 7760/7819 dependencies 1748/1948 modules
<s> [webpack.Progress] 29% building 4/13 entries 7760/7819 dependencies 1749/1948 modules
<s> [webpack.Progress] 31% building 5/13 entries 7760/7819 dependencies 1750/1948 modules
<s> [webpack.Progress] 35% building 6/13 entries 7760/7819 dependencies 1751/1948 modules
<s> [webpack.Progress] 39% building 7/13 entries 7760/7819 dependencies 1752/1948 modules
<s> [webpack.Progress] 43% building 8/13 entries 7760/7819 dependencies 1753/1948 modules
<s> [webpack.Progress] 48% building 9/13 entries 7760/7819 dependencies 1754/1948 modules
<s> [webpack.Progress] 52% building 10/13 entries 7760/7819 dependencies 1755/1948 modules
<s> [webpack.Progress] 56% building 11/13 entries 7760/7819 dependencies 1756/1948 modules
<s> [webpack.Progress] 56% building 11/13 entries 7838/7900 dependencies 1830/1970 modules
info => Manager built (1.27 min)
<s> [webpack.Progress] 60% building 12/13 entries 8039/8044 dependencies 1977/2021 modules
<s> [webpack.Progress] 65% building 13/13 entries 8059/8059 dependencies 2034/2034 modules
<s> [webpack.Progress] 65% building
<s> [webpack.Progress] 69% building finish
<s> [webpack.Progress] 69% building finish
<s> [webpack.Progress] 70% sealing finish module graph
<s> [webpack.Progress] 70% sealing finish module graph ResolverCachePlugin
<s> [webpack.Progress] 70% sealing finish module graph InferAsyncModulesPlugin
<s> [webpack.Progress] 70% sealing finish module graph FlagDependencyExportsPlugin
<s> [webpack.Progress] 70% sealing finish module graph InnerGraphPlugin
<s> [webpack.Progress] 70% sealing finish module graph WasmFinalizeExportsPlugin
<s> [webpack.Progress] 70% sealing finish module graph
<s> [webpack.Progress] 70% sealing plugins
<s> [webpack.Progress] 70% sealing plugins DocGenPlugin
<s> [webpack.Progress] 70% sealing plugins WarnCaseSensitiveModulesPlugin
<s> [webpack.Progress] 70% sealing plugins
<s> [webpack.Progress] 71% sealing dependencies optimization
<s> [webpack.Progress] 71% sealing dependencies optimization SideEffectsFlagPlugin
<s> [webpack.Progress] 71% sealing dependencies optimization FlagDependencyUsagePlugin
<s> [webpack.Progress] 71% sealing dependencies optimization
<s> [webpack.Progress] 71% sealing after dependencies optimization
<s> [webpack.Progress] 71% sealing after dependencies optimization
<s> [webpack.Progress] 72% sealing chunk graph
<s> [webpack.Progress] 72% sealing chunk graph
<s> [webpack.Progress] 73% sealing after chunk graph
<s> [webpack.Progress] 73% sealing after chunk graph
<s> [webpack.Progress] 73% sealing optimizing
<s> [webpack.Progress] 73% sealing optimizing
<s> [webpack.Progress] 74% sealing module optimization
<s> [webpack.Progress] 74% sealing module optimization
<s> [webpack.Progress] 75% sealing after module optimization
<s> [webpack.Progress] 75% sealing after module optimization
<s> [webpack.Progress] 75% sealing chunk optimization
<s> [webpack.Progress] 75% sealing chunk optimization EnsureChunkConditionsPlugin
<s> [webpack.Progress] 75% sealing chunk optimization RemoveEmptyChunksPlugin
<s> [webpack.Progress] 75% sealing chunk optimization MergeDuplicateChunksPlugin
<s> [webpack.Progress] 75% sealing chunk optimization SplitChunksPlugin
<s> [webpack.Progress] 75% sealing chunk optimization RemoveEmptyChunksPlugin
<s> [webpack.Progress] 75% sealing chunk optimization
<s> [webpack.Progress] 76% sealing after chunk optimization
<s> [webpack.Progress] 76% sealing after chunk optimization
<s> [webpack.Progress] 77% sealing module and chunk tree optimization
<s> [webpack.Progress] 77% sealing module and chunk tree optimization PersistentChildCompilerSingletonPlugin
<s> [webpack.Progress] 77% sealing module and chunk tree optimization
<s> [webpack.Progress] 77% sealing after module and chunk tree optimization
<s> [webpack.Progress] 77% sealing after module and chunk tree optimization
<s> [webpack.Progress] 78% sealing chunk modules optimization
<s> [webpack.Progress] 78% sealing chunk modules optimization ModuleConcatenationPlugin
<s> [webpack.Progress] 78% sealing chunk modules optimization
<s> [webpack.Progress] 78% sealing after chunk modules optimization
<s> [webpack.Progress] 78% sealing after chunk modules optimization
<s> [webpack.Progress] 79% sealing module reviving
<s> [webpack.Progress] 79% sealing module reviving RecordIdsPlugin
<s> [webpack.Progress] 79% sealing module reviving
<s> [webpack.Progress] 80% sealing before module ids
<s> [webpack.Progress] 80% sealing before module ids
<s> [webpack.Progress] 80% sealing module ids
<s> [webpack.Progress] 80% sealing module ids NamedModuleIdsPlugin
<s> [webpack.Progress] 80% sealing module ids
<s> [webpack.Progress] 81% sealing module id optimization
<s> [webpack.Progress] 81% sealing module id optimization
<s> [webpack.Progress] 82% sealing module id optimization
<s> [webpack.Progress] 82% sealing module id optimization
<s> [webpack.Progress] 82% sealing chunk reviving
<s> [webpack.Progress] 82% sealing chunk reviving RecordIdsPlugin
<s> [webpack.Progress] 82% sealing chunk reviving
<s> [webpack.Progress] 83% sealing before chunk ids
<s> [webpack.Progress] 83% sealing before chunk ids
<s> [webpack.Progress] 84% sealing chunk ids
<s> [webpack.Progress] 84% sealing chunk ids DeterministicChunkIdsPlugin
<s> [webpack.Progress] 84% sealing chunk ids
<s> [webpack.Progress] 84% sealing chunk id optimization
<s> [webpack.Progress] 84% sealing chunk id optimization FlagIncludedChunksPlugin
<s> [webpack.Progress] 84% sealing chunk id optimization
<s> [webpack.Progress] 85% sealing after chunk id optimization
<s> [webpack.Progress] 85% sealing after chunk id optimization
<s> [webpack.Progress] 86% sealing record modules
<s> [webpack.Progress] 86% sealing record modules RecordIdsPlugin
<s> [webpack.Progress] 86% sealing record modules
<s> [webpack.Progress] 86% sealing record chunks
<s> [webpack.Progress] 86% sealing record chunks RecordIdsPlugin
<s> [webpack.Progress] 86% sealing record chunks
<s> [webpack.Progress] 87% sealing module hashing
<s> [webpack.Progress] 87% sealing module hashing
<s> [webpack.Progress] 87% sealing code generation
<s> [webpack.Progress] 87% sealing code generation
<s> [webpack.Progress] 88% sealing runtime requirements
<s> [webpack.Progress] 88% sealing runtime requirements
<s> [webpack.Progress] 89% sealing hashing
<s> [webpack.Progress] 89% sealing hashing
<s> [webpack.Progress] 89% sealing after hashing
<s> [webpack.Progress] 89% sealing after hashing
<s> [webpack.Progress] 90% sealing record hash
<s> [webpack.Progress] 90% sealing record hash
<s> [webpack.Progress] 91% sealing module assets processing
<s> [webpack.Progress] 91% sealing module assets processing
<s> [webpack.Progress] 91% sealing chunk assets processing
<s> [webpack.Progress] 91% sealing chunk assets processing
<s> [webpack.Progress] 92% sealing asset processing
<s> [webpack.Progress] 92% sealing asset processing PersistentChildCompilerSingletonPlugin
<s> [webpack.Progress] 92% sealing asset processing TerserPlugin
<s> [webpack.Progress] 92% sealing asset processing SourceMapDevToolPlugin
<s> [webpack.Progress] 92% sealing asset processing SourceMapDevToolPlugin
<s> [webpack.Progress] 92% sealing asset processing SourceMapDevToolPlugin main.1e8945eb.iframe.bundle.js generate SourceMap
<s> [webpack.Progress] 92% sealing asset processing SourceMapDevToolPlugin main.1e8945eb.iframe.bundle.js generated SourceMap
<s> [webpack.Progress] 92% sealing asset processing SourceMapDevToolPlugin runtime~main.5fa4bdfe.iframe.bundle.js generate SourceMap
<s> [webpack.Progress] 92% sealing asset processing SourceMapDevToolPlugin runtime~main.5fa4bdfe.iframe.bundle.js generated SourceMap
<s> [webpack.Progress] 92% sealing asset processing SourceMapDevToolPlugin 701.6443cd36.iframe.bundle.js generate SourceMap
<s> [webpack.Progress] 92% sealing asset processing SourceMapDevToolPlugin 701.6443cd36.iframe.bundle.js generated SourceMap
<s> [webpack.Progress] 92% sealing asset processing SourceMapDevToolPlugin 273.91e04f0f.iframe.bundle.js generate SourceMap
<s> [webpack.Progress] 92% sealing asset processing SourceMapDevToolPlugin 273.91e04f0f.iframe.bundle.js generated SourceMap
<s> [webpack.Progress] 92% sealing asset processing SourceMapDevToolPlugin 51.c0fda4ee.iframe.bundle.js generate SourceMap
<s> [webpack.Progress] 92% sealing asset processing SourceMapDevToolPlugin 51.c0fda4ee.iframe.bundle.js generated SourceMap
<s> [webpack.Progress] 92% sealing asset processing SourceMapDevToolPlugin 807.bc49942b.iframe.bundle.js generate SourceMap
<s> [webpack.Progress] 92% sealing asset processing SourceMapDevToolPlugin 807.bc49942b.iframe.bundle.js generated SourceMap
<s> [webpack.Progress] 92% sealing asset processing SourceMapDevToolPlugin 551.9bf896c5.iframe.bundle.js generate SourceMap
<s> [webpack.Progress] 92% sealing asset processing SourceMapDevToolPlugin 551.9bf896c5.iframe.bundle.js generated SourceMap
<s> [webpack.Progress] 92% sealing asset processing SourceMapDevToolPlugin 897.659d9723.iframe.bundle.js generate SourceMap
<s> [webpack.Progress] 92% sealing asset processing SourceMapDevToolPlugin 897.659d9723.iframe.bundle.js generated SourceMap
<s> [webpack.Progress] 92% sealing asset processing SourceMapDevToolPlugin 229.8c960276.iframe.bundle.js generate SourceMap
<s> [webpack.Progress] 92% sealing asset processing SourceMapDevToolPlugin 229.8c960276.iframe.bundle.js generated SourceMap
<s> [webpack.Progress] 92% sealing asset processing SourceMapDevToolPlugin 935.3516e9fe.iframe.bundle.js generate SourceMap
<s> [webpack.Progress] 92% sealing asset processing SourceMapDevToolPlugin 935.3516e9fe.iframe.bundle.js generated SourceMap
<s> [webpack.Progress] 92% sealing asset processing SourceMapDevToolPlugin 523.bdf6de00.iframe.bundle.js generate SourceMap
<s> [webpack.Progress] 92% sealing asset processing SourceMapDevToolPlugin 523.bdf6de00.iframe.bundle.js generated SourceMap
<s> [webpack.Progress] 92% sealing asset processing SourceMapDevToolPlugin resolve sources
<s> [webpack.Progress] 92% sealing asset processing SourceMapDevToolPlugin
<s> [webpack.Progress] 92% sealing asset processing HtmlWebpackPlugin
<s> [webpack.Progress] 92% sealing asset processing HtmlWebpackPlugin
<s> [webpack.Progress] 92% sealing asset processing HtmlWebpackPlugin resolve sources
<s> [webpack.Progress] 92% sealing asset processing HtmlWebpackPlugin
<s> [webpack.Progress] 92% sealing asset processing RealContentHashPlugin
<s> [webpack.Progress] 92% sealing asset processing RealContentHashPlugin
<s> [webpack.Progress] 92% sealing asset processing RealContentHashPlugin main.7d6af9d6.iframe.bundle.js generate SourceMap
<s> [webpack.Progress] 92% sealing asset processing RealContentHashPlugin main.7d6af9d6.iframe.bundle.js generated SourceMap
<s> [webpack.Progress] 92% sealing asset processing RealContentHashPlugin runtime~main.b15cb7b8.iframe.bundle.js generate SourceMap
<s> [webpack.Progress] 92% sealing asset processing RealContentHashPlugin runtime~main.b15cb7b8.iframe.bundle.js generated SourceMap
<s> [webpack.Progress] 92% sealing asset processing RealContentHashPlugin 701.70bb5a56.iframe.bundle.js generate SourceMap
<s> [webpack.Progress] 92% sealing asset processing RealContentHashPlugin 701.70bb5a56.iframe.bundle.js generated SourceMap
<s> [webpack.Progress] 92% sealing asset processing RealContentHashPlugin 551.446b1784.iframe.bundle.js generate SourceMap
<s> [webpack.Progress] 92% sealing asset processing RealContentHashPlugin 551.446b1784.iframe.bundle.js generated SourceMap
<s> [webpack.Progress] 92% sealing asset processing RealContentHashPlugin 229.9cd66f1d.iframe.bundle.js generate SourceMap
<s> [webpack.Progress] 92% sealing asset processing RealContentHashPlugin 229.9cd66f1d.iframe.bundle.js generated SourceMap
<s> [webpack.Progress] 92% sealing asset processing RealContentHashPlugin 935.d3e70c60.iframe.bundle.js generate SourceMap
<s> [webpack.Progress] 92% sealing asset processing RealContentHashPlugin 935.d3e70c60.iframe.bundle.js generated SourceMap
<s> [webpack.Progress] 92% sealing asset processing RealContentHashPlugin 273.20780a3c.iframe.bundle.js generate SourceMap
<s> [webpack.Progress] 92% sealing asset processing RealContentHashPlugin 273.20780a3c.iframe.bundle.js generated SourceMap
<s> [webpack.Progress] 92% sealing asset processing RealContentHashPlugin 51.7a608bf7.iframe.bundle.js generate SourceMap
<s> [webpack.Progress] 92% sealing asset processing RealContentHashPlugin 51.7a608bf7.iframe.bundle.js generated SourceMap
<s> [webpack.Progress] 92% sealing asset processing RealContentHashPlugin 807.6a6b4317.iframe.bundle.js generate SourceMap
<s> [webpack.Progress] 92% sealing asset processing RealContentHashPlugin 807.6a6b4317.iframe.bundle.js generated SourceMap
<s> [webpack.Progress] 92% sealing asset processing RealContentHashPlugin 897.1c3c85dc.iframe.bundle.js generate SourceMap
<s> [webpack.Progress] 92% sealing asset processing RealContentHashPlugin 897.1c3c85dc.iframe.bundle.js generated SourceMap
<s> [webpack.Progress] 92% sealing asset processing RealContentHashPlugin 523.aa333895.iframe.bundle.js generate SourceMap
<s> [webpack.Progress] 92% sealing asset processing RealContentHashPlugin 523.aa333895.iframe.bundle.js generated SourceMap
<s> [webpack.Progress] 92% sealing asset processing RealContentHashPlugin resolve sources
<s> [webpack.Progress] 92% sealing asset processing RealContentHashPlugin
<s> [webpack.Progress] 92% sealing asset processing
<s> [webpack.Progress] 93% sealing after asset optimization
<s> [webpack.Progress] 93% sealing after asset optimization
<s> [webpack.Progress] 93% sealing recording
<s> [webpack.Progress] 93% sealing recording
<s> [webpack.Progress] 94% sealing after seal
<s> [webpack.Progress] 94% sealing after seal
<s> [webpack.Progress] 95% emitting emit
<s> [webpack.Progress] 95% emitting emit
<s> [webpack.Progress] 98% emitting after emit
<s> [webpack.Progress] 98% emitting after emit SizeLimitsPlugin
<s> [webpack.Progress] 98% emitting after emit
<s> [webpack.Progress] 99% done plugins
<s> [webpack.Progress] 99% done plugins CaseSensitivePathsPlugin
<s> [webpack.Progress] 99% done plugins
<s> [webpack.Progress] 99% 

<s> [webpack.Progress] 99% cache store build dependencies
<s> [webpack.Progress] 99% cache store build dependencies
<s> [webpack.Progress] 99% cache begin idle
<s> [webpack.Progress] 99% cache begin idle
<s> [webpack.Progress] 100% 

info => Preview built (2.12 min)
WARN asset size limit: The following asset(s) exceed the recommended size limit (244 KiB).
WARN This can impact web performance.
WARN Assets: 
WARN   273.20780a3c.iframe.bundle.js (593 KiB)
WARN   807.6a6b4317.iframe.bundle.js (793 KiB)
WARN   523.aa333895.iframe.bundle.js (3.31 MiB)
WARN entrypoint size limit: The following entrypoint(s) combined asset size exceeds the recommended limit (244 KiB). This can impact web performance.
WARN Entrypoints:
WARN   main (3.34 MiB)
WARN       runtime~main.b15cb7b8.iframe.bundle.js
WARN       523.aa333895.iframe.bundle.js
WARN       main.7d6af9d6.iframe.bundle.js
WARN 
<s> [webpack.Progress] 99% cache shutdown
<s> [webpack.Progress] 99% cache shutdown
<s> [webpack.Progress] 100% 

info => Output directory: /tmp/chromatic--28094-upKN3R005LAR
Done in 133.52s.
